<?xml version="1.0" encoding="UTF-8"?>
<!-- Generated by org.testng.reporters.JUnitReportReporter -->
<testsuite hostname="Dulsi-Alwin-Laptop" failures="0" tests="1" name="baseTestMethod.BaseTestMethod" time="6.507" errors="0" timestamp="2022-07-19T15:26:28 EDT" skipped="0">
  <testcase classname="baseTestMethod.BaseTestMethod" name="f" time="6.507"/>
  <system-out>
    <![CDATA[Got it!!]]>
  </system-out>
</testsuite> <!-- baseTestMethod.BaseTestMethod -->
