<?xml version="1.0" encoding="UTF-8"?>
<!-- Generated by org.testng.reporters.JUnitReportReporter -->
<testsuite hostname="Dulsi-Alwin-Laptop" failures="0" tests="1" name="test.DataDrivnTestXL" time="0.768" errors="0" timestamp="2022-07-20T21:23:22 EDT" skipped="0">
  <testcase classname="test.DataDrivnTestXL" name="data" time="0.768"/>
  <system-out>
    <![CDATA[4.0]]>
  </system-out>
</testsuite> <!-- test.DataDrivnTestXL -->
