<?xml version="1.0" encoding="UTF-8"?>
<!-- Generated by org.testng.reporters.JUnitReportReporter -->
<testsuite hostname="Dulsi-Alwin-Laptop" failures="0" tests="1" name="test.DataDrivnTestXL" time="1.064" errors="0" timestamp="2022-07-21T15:55:02 EDT" skipped="0">
  <testcase classname="test.DataDrivnTestXL" name="data" time="1.064"/>
  <system-out>
    <![CDATA[Man12@]]>
  </system-out>
</testsuite> <!-- test.DataDrivnTestXL -->
